# RMS(E,N,U) =   0.0600   0.0688   0.0645
# Used epochs: 0 1 2 3 4 5 6 7 8 9 10 11 12 13 14 15 16 17 18 19 20 21 22 23 24 25 26 27
#  004 M12  E -0.280 -4.7-sigma ./demo_prep/MYGI/MYGI.1306.kaiyo_k4-res.dat
#  004 M13  N  0.383  5.6-sigma ./demo_prep/MYGI/MYGI.1306.kaiyo_k4-res.dat
#  004 M14  E  0.315  5.2-sigma ./demo_prep/MYGI/MYGI.1306.kaiyo_k4-res.dat
#  004 M15  N -0.412 -6.0-sigma ./demo_prep/MYGI/MYGI.1306.kaiyo_k4-res.dat
#  024 M13  U  0.268  4.2-sigma ./demo_prep/MYGI/MYGI.1906.meiyo_m5-res.dat
#  024 M15  U -0.307 -4.8-sigma ./demo_prep/MYGI/MYGI.1906.meiyo_m5-res.dat
# 
# RMS(E,N,U) =   0.0422   0.0409   0.0499
# Used epochs: 0 1 2 3 5 6 7 8 9 10 11 12 13 14 15 16 17 18 19 20 21 22 23 25 26 27
#  023 M14  E -0.192 -4.6-sigma ./demo_prep/MYGI/MYGI.1903.kaiyo_k4-res.dat
# 
# RMS(E,N,U) =   0.0352   0.0369   0.0494
# Used epochs: 0 1 2 3 5 6 7 8 9 10 11 12 13 14 15 16 17 18 19 20 21 22 25 26 27
# 
# Excluded epochs for array geometry ::
#  ./demo_prep/MYGI/MYGI.1906.meiyo_m5-res.dat
#   M12 M13 M14 M15
#  ./demo_prep/MYGI/MYGI.1306.kaiyo_k4-res.dat
#   M12 M13 M14 M15
#  ./demo_prep/MYGI/MYGI.1903.kaiyo_k4-res.dat
#   M12 M13 M14 M15
